0 info it worked if it ends with ok
1 verbose cli [ '/usr/local/bin/node', '/usr/local/bin/npm', 'run', 'it' ]
2 info using npm@3.9.5
3 info using node@v6.2.2
4 verbose run-script [ 'preit', 'it', 'postit' ]
5 info lifecycle houseremote2.0@2.0.0~preit: houseremote2.0@2.0.0
6 silly lifecycle houseremote2.0@2.0.0~preit: no script for preit, continuing
7 info lifecycle houseremote2.0@2.0.0~it: houseremote2.0@2.0.0
8 verbose lifecycle houseremote2.0@2.0.0~it: unsafe-perm in lifecycle true
9 verbose lifecycle houseremote2.0@2.0.0~it: PATH: /usr/local/lib/node_modules/npm/bin/node-gyp-bin:/home/stjepan/Development/houseremote2.0/node_modules/.bin:/usr/local/bin:/usr/local/heroku/bin:/usr/local/sbin:/usr/local/bin:/usr/sbin:/usr/bin:/sbin:/bin:/usr/games:/usr/local/games:/snap/bin
10 verbose lifecycle houseremote2.0@2.0.0~it: CWD: /home/stjepan/Development/houseremote2.0
11 silly lifecycle houseremote2.0@2.0.0~it: Args: [ '-c', 'node built/server/startup/startup.js' ]
12 silly lifecycle houseremote2.0@2.0.0~it: Returned: code: 1  signal: null
13 info lifecycle houseremote2.0@2.0.0~it: Failed to exec it script
14 verbose stack Error: houseremote2.0@2.0.0 it: `node built/server/startup/startup.js`
14 verbose stack Exit status 1
14 verbose stack     at EventEmitter.<anonymous> (/usr/local/lib/node_modules/npm/lib/utils/lifecycle.js:245:16)
14 verbose stack     at emitTwo (events.js:106:13)
14 verbose stack     at EventEmitter.emit (events.js:191:7)
14 verbose stack     at ChildProcess.<anonymous> (/usr/local/lib/node_modules/npm/lib/utils/spawn.js:24:14)
14 verbose stack     at emitTwo (events.js:106:13)
14 verbose stack     at ChildProcess.emit (events.js:191:7)
14 verbose stack     at maybeClose (internal/child_process.js:852:16)
14 verbose stack     at Process.ChildProcess._handle.onexit (internal/child_process.js:215:5)
15 verbose pkgid houseremote2.0@2.0.0
16 verbose cwd /home/stjepan/Development/houseremote2.0
17 error Linux 4.4.0-34-generic
18 error argv "/usr/local/bin/node" "/usr/local/bin/npm" "run" "it"
19 error node v6.2.2
20 error npm  v3.9.5
21 error code ELIFECYCLE
22 error houseremote2.0@2.0.0 it: `node built/server/startup/startup.js`
22 error Exit status 1
23 error Failed at the houseremote2.0@2.0.0 it script 'node built/server/startup/startup.js'.
23 error Make sure you have the latest version of node.js and npm installed.
23 error If you do, this is most likely a problem with the houseremote2.0 package,
23 error not with npm itself.
23 error Tell the author that this fails on your system:
23 error     node built/server/startup/startup.js
23 error You can get information on how to open an issue for this project with:
23 error     npm bugs houseremote2.0
23 error Or if that isn't available, you can get their info via:
23 error     npm owner ls houseremote2.0
23 error There is likely additional logging output above.
24 verbose exit [ 1, true ]
